[2020-12-12 14:36:20] local.ERROR: Too many arguments, expected arguments "command". {"exception":"[object] (Symfony\\Component\\Console\\Exception\\RuntimeException(code: 0): Too many arguments, expected arguments \"command\". at C:\\xampp\\htdocs\\onlineInvoice\\vendor\\symfony\\console\\Input\\ArgvInput.php:172)
[stacktrace]
#0 C:\\xampp\\htdocs\\onlineInvoice\\vendor\\symfony\\console\\Input\\ArgvInput.php(83): Symfony\\Component\\Console\\Input\\ArgvInput->parseArgument()
#1 C:\\xampp\\htdocs\\onlineInvoice\\vendor\\symfony\\console\\Input\\Input.php(55): Symfony\\Component\\Console\\Input\\ArgvInput->parse()
#2 C:\\xampp\\htdocs\\onlineInvoice\\vendor\\symfony\\console\\Command\\Command.php(214): Symfony\\Component\\Console\\Input\\Input->bind()
#3 C:\\xampp\\htdocs\\onlineInvoice\\vendor\\laravel\\framework\\src\\Illuminate\\Console\\Command.php(170): Symfony\\Component\\Console\\Command\\Command->run()
#4 C:\\xampp\\htdocs\\onlineInvoice\\vendor\\symfony\\console\\Application.php(1009): Illuminate\\Console\\Command->run()
#5 C:\\xampp\\htdocs\\onlineInvoice\\vendor\\symfony\\console\\Application.php(273): Symfony\\Component\\Console\\Application->doRunCommand()
#6 C:\\xampp\\htdocs\\onlineInvoice\\vendor\\symfony\\console\\Application.php(149): Symfony\\Component\\Console\\Application->doRun()
#7 C:\\xampp\\htdocs\\onlineInvoice\\vendor\\laravel\\framework\\src\\Illuminate\\Console\\Application.php(90): Symfony\\Component\\Console\\Application->run()
#8 C:\\xampp\\htdocs\\onlineInvoice\\vendor\\laravel\\framework\\src\\Illuminate\\Foundation\\Console\\Kernel.php(133): Illuminate\\Console\\Application->run()
#9 C:\\xampp\\htdocs\\onlineInvoice\\artisan(37): Illuminate\\Foundation\\Console\\Kernel->handle()
#10 {main}
"} 
[2020-12-12 14:37:41] local.ERROR: Too many arguments, expected arguments "command". {"exception":"[object] (Symfony\\Component\\Console\\Exception\\RuntimeException(code: 0): Too many arguments, expected arguments \"command\". at C:\\xampp\\htdocs\\onlineInvoice\\vendor\\symfony\\console\\Input\\ArgvInput.php:172)
[stacktrace]
#0 C:\\xampp\\htdocs\\onlineInvoice\\vendor\\symfony\\console\\Input\\ArgvInput.php(83): Symfony\\Component\\Console\\Input\\ArgvInput->parseArgument()
#1 C:\\xampp\\htdocs\\onlineInvoice\\vendor\\symfony\\console\\Input\\Input.php(55): Symfony\\Component\\Console\\Input\\ArgvInput->parse()
#2 C:\\xampp\\htdocs\\onlineInvoice\\vendor\\symfony\\console\\Command\\Command.php(214): Symfony\\Component\\Console\\Input\\Input->bind()
#3 C:\\xampp\\htdocs\\onlineInvoice\\vendor\\laravel\\framework\\src\\Illuminate\\Console\\Command.php(170): Symfony\\Component\\Console\\Command\\Command->run()
#4 C:\\xampp\\htdocs\\onlineInvoice\\vendor\\symfony\\console\\Application.php(1009): Illuminate\\Console\\Command->run()
#5 C:\\xampp\\htdocs\\onlineInvoice\\vendor\\symfony\\console\\Application.php(273): Symfony\\Component\\Console\\Application->doRunCommand()
#6 C:\\xampp\\htdocs\\onlineInvoice\\vendor\\symfony\\console\\Application.php(149): Symfony\\Component\\Console\\Application->doRun()
#7 C:\\xampp\\htdocs\\onlineInvoice\\vendor\\laravel\\framework\\src\\Illuminate\\Console\\Application.php(90): Symfony\\Component\\Console\\Application->run()
#8 C:\\xampp\\htdocs\\onlineInvoice\\vendor\\laravel\\framework\\src\\Illuminate\\Foundation\\Console\\Kernel.php(133): Illuminate\\Console\\Application->run()
#9 C:\\xampp\\htdocs\\onlineInvoice\\artisan(37): Illuminate\\Foundation\\Console\\Kernel->handle()
#10 {main}
"} 
[2020-12-12 14:39:44] local.ERROR: Too many arguments, expected arguments "command". {"exception":"[object] (Symfony\\Component\\Console\\Exception\\RuntimeException(code: 0): Too many arguments, expected arguments \"command\". at C:\\xampp\\htdocs\\onlineInvoice\\vendor\\symfony\\console\\Input\\ArgvInput.php:172)
[stacktrace]
#0 C:\\xampp\\htdocs\\onlineInvoice\\vendor\\symfony\\console\\Input\\ArgvInput.php(83): Symfony\\Component\\Console\\Input\\ArgvInput->parseArgument()
#1 C:\\xampp\\htdocs\\onlineInvoice\\vendor\\symfony\\console\\Input\\Input.php(55): Symfony\\Component\\Console\\Input\\ArgvInput->parse()
#2 C:\\xampp\\htdocs\\onlineInvoice\\vendor\\symfony\\console\\Command\\Command.php(214): Symfony\\Component\\Console\\Input\\Input->bind()
#3 C:\\xampp\\htdocs\\onlineInvoice\\vendor\\laravel\\framework\\src\\Illuminate\\Console\\Command.php(170): Symfony\\Component\\Console\\Command\\Command->run()
#4 C:\\xampp\\htdocs\\onlineInvoice\\vendor\\symfony\\console\\Application.php(1009): Illuminate\\Console\\Command->run()
#5 C:\\xampp\\htdocs\\onlineInvoice\\vendor\\symfony\\console\\Application.php(273): Symfony\\Component\\Console\\Application->doRunCommand()
#6 C:\\xampp\\htdocs\\onlineInvoice\\vendor\\symfony\\console\\Application.php(149): Symfony\\Component\\Console\\Application->doRun()
#7 C:\\xampp\\htdocs\\onlineInvoice\\vendor\\laravel\\framework\\src\\Illuminate\\Console\\Application.php(90): Symfony\\Component\\Console\\Application->run()
#8 C:\\xampp\\htdocs\\onlineInvoice\\vendor\\laravel\\framework\\src\\Illuminate\\Foundation\\Console\\Kernel.php(133): Illuminate\\Console\\Application->run()
#9 C:\\xampp\\htdocs\\onlineInvoice\\artisan(37): Illuminate\\Foundation\\Console\\Kernel->handle()
#10 {main}
"} 
[2020-12-12 14:39:48] local.ERROR: Too many arguments, expected arguments "command". {"exception":"[object] (Symfony\\Component\\Console\\Exception\\RuntimeException(code: 0): Too many arguments, expected arguments \"command\". at C:\\xampp\\htdocs\\onlineInvoice\\vendor\\symfony\\console\\Input\\ArgvInput.php:172)
[stacktrace]
#0 C:\\xampp\\htdocs\\onlineInvoice\\vendor\\symfony\\console\\Input\\ArgvInput.php(83): Symfony\\Component\\Console\\Input\\ArgvInput->parseArgument()
#1 C:\\xampp\\htdocs\\onlineInvoice\\vendor\\symfony\\console\\Input\\Input.php(55): Symfony\\Component\\Console\\Input\\ArgvInput->parse()
#2 C:\\xampp\\htdocs\\onlineInvoice\\vendor\\symfony\\console\\Command\\Command.php(214): Symfony\\Component\\Console\\Input\\Input->bind()
#3 C:\\xampp\\htdocs\\onlineInvoice\\vendor\\laravel\\framework\\src\\Illuminate\\Console\\Command.php(170): Symfony\\Component\\Console\\Command\\Command->run()
#4 C:\\xampp\\htdocs\\onlineInvoice\\vendor\\symfony\\console\\Application.php(1009): Illuminate\\Console\\Command->run()
#5 C:\\xampp\\htdocs\\onlineInvoice\\vendor\\symfony\\console\\Application.php(273): Symfony\\Component\\Console\\Application->doRunCommand()
#6 C:\\xampp\\htdocs\\onlineInvoice\\vendor\\symfony\\console\\Application.php(149): Symfony\\Component\\Console\\Application->doRun()
#7 C:\\xampp\\htdocs\\onlineInvoice\\vendor\\laravel\\framework\\src\\Illuminate\\Console\\Application.php(90): Symfony\\Component\\Console\\Application->run()
#8 C:\\xampp\\htdocs\\onlineInvoice\\vendor\\laravel\\framework\\src\\Illuminate\\Foundation\\Console\\Kernel.php(133): Illuminate\\Console\\Application->run()
#9 C:\\xampp\\htdocs\\onlineInvoice\\artisan(37): Illuminate\\Foundation\\Console\\Kernel->handle()
#10 {main}
"} 
[2020-12-12 15:54:48] local.ERROR: Too many arguments, expected arguments "command". {"exception":"[object] (Symfony\\Component\\Console\\Exception\\RuntimeException(code: 0): Too many arguments, expected arguments \"command\". at C:\\xampp\\htdocs\\onlineInvoice\\vendor\\symfony\\console\\Input\\ArgvInput.php:172)
[stacktrace]
#0 C:\\xampp\\htdocs\\onlineInvoice\\vendor\\symfony\\console\\Input\\ArgvInput.php(83): Symfony\\Component\\Console\\Input\\ArgvInput->parseArgument()
#1 C:\\xampp\\htdocs\\onlineInvoice\\vendor\\symfony\\console\\Input\\Input.php(55): Symfony\\Component\\Console\\Input\\ArgvInput->parse()
#2 C:\\xampp\\htdocs\\onlineInvoice\\vendor\\symfony\\console\\Command\\Command.php(214): Symfony\\Component\\Console\\Input\\Input->bind()
#3 C:\\xampp\\htdocs\\onlineInvoice\\vendor\\laravel\\framework\\src\\Illuminate\\Console\\Command.php(170): Symfony\\Component\\Console\\Command\\Command->run()
#4 C:\\xampp\\htdocs\\onlineInvoice\\vendor\\symfony\\console\\Application.php(1009): Illuminate\\Console\\Command->run()
#5 C:\\xampp\\htdocs\\onlineInvoice\\vendor\\symfony\\console\\Application.php(273): Symfony\\Component\\Console\\Application->doRunCommand()
#6 C:\\xampp\\htdocs\\onlineInvoice\\vendor\\symfony\\console\\Application.php(149): Symfony\\Component\\Console\\Application->doRun()
#7 C:\\xampp\\htdocs\\onlineInvoice\\vendor\\laravel\\framework\\src\\Illuminate\\Console\\Application.php(90): Symfony\\Component\\Console\\Application->run()
#8 C:\\xampp\\htdocs\\onlineInvoice\\vendor\\laravel\\framework\\src\\Illuminate\\Foundation\\Console\\Kernel.php(133): Illuminate\\Console\\Application->run()
#9 C:\\xampp\\htdocs\\onlineInvoice\\artisan(37): Illuminate\\Foundation\\Console\\Kernel->handle()
#10 {main}
"} 
[2020-12-12 15:55:18] local.ERROR: Command "server" is not defined.

Did you mean one of these?
    dump-server
    make:observer
    serve {"exception":"[object] (Symfony\\Component\\Console\\Exception\\CommandNotFoundException(code: 0): Command \"server\" is not defined.

Did you mean one of these?
    dump-server
    make:observer
    serve at C:\\xampp\\htdocs\\onlineInvoice\\vendor\\symfony\\console\\Application.php:676)
[stacktrace]
#0 C:\\xampp\\htdocs\\onlineInvoice\\vendor\\symfony\\console\\Application.php(237): Symfony\\Component\\Console\\Application->find()
#1 C:\\xampp\\htdocs\\onlineInvoice\\vendor\\symfony\\console\\Application.php(149): Symfony\\Component\\Console\\Application->doRun()
#2 C:\\xampp\\htdocs\\onlineInvoice\\vendor\\laravel\\framework\\src\\Illuminate\\Console\\Application.php(90): Symfony\\Component\\Console\\Application->run()
#3 C:\\xampp\\htdocs\\onlineInvoice\\vendor\\laravel\\framework\\src\\Illuminate\\Foundation\\Console\\Kernel.php(133): Illuminate\\Console\\Application->run()
#4 C:\\xampp\\htdocs\\onlineInvoice\\artisan(37): Illuminate\\Foundation\\Console\\Kernel->handle()
#5 {main}
"} 
[2020-12-12 15:55:36] local.ERROR: Too many arguments, expected arguments "command". {"exception":"[object] (Symfony\\Component\\Console\\Exception\\RuntimeException(code: 0): Too many arguments, expected arguments \"command\". at C:\\xampp\\htdocs\\onlineInvoice\\vendor\\symfony\\console\\Input\\ArgvInput.php:172)
[stacktrace]
#0 C:\\xampp\\htdocs\\onlineInvoice\\vendor\\symfony\\console\\Input\\ArgvInput.php(83): Symfony\\Component\\Console\\Input\\ArgvInput->parseArgument()
#1 C:\\xampp\\htdocs\\onlineInvoice\\vendor\\symfony\\console\\Input\\Input.php(55): Symfony\\Component\\Console\\Input\\ArgvInput->parse()
#2 C:\\xampp\\htdocs\\onlineInvoice\\vendor\\symfony\\console\\Command\\Command.php(214): Symfony\\Component\\Console\\Input\\Input->bind()
#3 C:\\xampp\\htdocs\\onlineInvoice\\vendor\\laravel\\framework\\src\\Illuminate\\Console\\Command.php(170): Symfony\\Component\\Console\\Command\\Command->run()
#4 C:\\xampp\\htdocs\\onlineInvoice\\vendor\\symfony\\console\\Application.php(1009): Illuminate\\Console\\Command->run()
#5 C:\\xampp\\htdocs\\onlineInvoice\\vendor\\symfony\\console\\Application.php(273): Symfony\\Component\\Console\\Application->doRunCommand()
#6 C:\\xampp\\htdocs\\onlineInvoice\\vendor\\symfony\\console\\Application.php(149): Symfony\\Component\\Console\\Application->doRun()
#7 C:\\xampp\\htdocs\\onlineInvoice\\vendor\\laravel\\framework\\src\\Illuminate\\Console\\Application.php(90): Symfony\\Component\\Console\\Application->run()
#8 C:\\xampp\\htdocs\\onlineInvoice\\vendor\\laravel\\framework\\src\\Illuminate\\Foundation\\Console\\Kernel.php(133): Illuminate\\Console\\Application->run()
#9 C:\\xampp\\htdocs\\onlineInvoice\\artisan(37): Illuminate\\Foundation\\Console\\Kernel->handle()
#10 {main}
"} 
[2020-12-12 16:41:57] local.ERROR: A non well formed numeric value encountered {"exception":"[object] (ErrorException(code: 0): A non well formed numeric value encountered at C:\\xampp\\htdocs\\onlineInvoice\\vendor\\laravel\\framework\\src\\Illuminate\\Foundation\\Console\\ServeCommand.php:91)
[stacktrace]
#0 C:\\xampp\\htdocs\\onlineInvoice\\vendor\\laravel\\framework\\src\\Illuminate\\Foundation\\Console\\ServeCommand.php(91): Illuminate\\Foundation\\Bootstrap\\HandleExceptions->handleError()
#1 C:\\xampp\\htdocs\\onlineInvoice\\vendor\\laravel\\framework\\src\\Illuminate\\Foundation\\Console\\ServeCommand.php(44): Illuminate\\Foundation\\Console\\ServeCommand->port()
#2 [internal function]: Illuminate\\Foundation\\Console\\ServeCommand->handle()
#3 C:\\xampp\\htdocs\\onlineInvoice\\vendor\\laravel\\framework\\src\\Illuminate\\Container\\BoundMethod.php(32): call_user_func_array()
#4 C:\\xampp\\htdocs\\onlineInvoice\\vendor\\laravel\\framework\\src\\Illuminate\\Container\\BoundMethod.php(90): Illuminate\\Container\\BoundMethod::Illuminate\\Container\\{closure}()
#5 C:\\xampp\\htdocs\\onlineInvoice\\vendor\\laravel\\framework\\src\\Illuminate\\Container\\BoundMethod.php(34): Illuminate\\Container\\BoundMethod::callBoundMethod()
#6 C:\\xampp\\htdocs\\onlineInvoice\\vendor\\laravel\\framework\\src\\Illuminate\\Container\\Container.php(576): Illuminate\\Container\\BoundMethod::call()
#7 C:\\xampp\\htdocs\\onlineInvoice\\vendor\\laravel\\framework\\src\\Illuminate\\Console\\Command.php(183): Illuminate\\Container\\Container->call()
#8 C:\\xampp\\htdocs\\onlineInvoice\\vendor\\symfony\\console\\Command\\Command.php(255): Illuminate\\Console\\Command->execute()
#9 C:\\xampp\\htdocs\\onlineInvoice\\vendor\\laravel\\framework\\src\\Illuminate\\Console\\Command.php(170): Symfony\\Component\\Console\\Command\\Command->run()
#10 C:\\xampp\\htdocs\\onlineInvoice\\vendor\\symfony\\console\\Application.php(1009): Illuminate\\Console\\Command->run()
#11 C:\\xampp\\htdocs\\onlineInvoice\\vendor\\symfony\\console\\Application.php(273): Symfony\\Component\\Console\\Application->doRunCommand()
#12 C:\\xampp\\htdocs\\onlineInvoice\\vendor\\symfony\\console\\Application.php(149): Symfony\\Component\\Console\\Application->doRun()
#13 C:\\xampp\\htdocs\\onlineInvoice\\vendor\\laravel\\framework\\src\\Illuminate\\Console\\Application.php(90): Symfony\\Component\\Console\\Application->run()
#14 C:\\xampp\\htdocs\\onlineInvoice\\vendor\\laravel\\framework\\src\\Illuminate\\Foundation\\Console\\Kernel.php(133): Illuminate\\Console\\Application->run()
#15 C:\\xampp\\htdocs\\onlineInvoice\\artisan(37): Illuminate\\Foundation\\Console\\Kernel->handle()
#16 {main}
"} 
[2020-12-12 17:04:55] local.ERROR: The PHP GD extension is required, but is not installed. {"exception":"[object] (Exception(code: 0): The PHP GD extension is required, but is not installed. at C:\\xampp\\htdocs\\onlineInvoice\\vendor\\dompdf\\dompdf\\lib\\Cpdf.php:5791)
[stacktrace]
#0 C:\\xampp\\htdocs\\onlineInvoice\\vendor\\dompdf\\dompdf\\src\\Adapter\\CPDF.php(868): Dompdf\\Cpdf->addPngFromFile()
#1 C:\\xampp\\htdocs\\onlineInvoice\\vendor\\dompdf\\dompdf\\src\\Renderer\\Image.php(114): Dompdf\\Adapter\\CPDF->image()
#2 C:\\xampp\\htdocs\\onlineInvoice\\vendor\\dompdf\\dompdf\\src\\Renderer.php(293): Dompdf\\Renderer\\Image->render()
#3 C:\\xampp\\htdocs\\onlineInvoice\\vendor\\dompdf\\dompdf\\src\\Renderer.php(127): Dompdf\\Renderer->_render_frame()
#4 C:\\xampp\\htdocs\\onlineInvoice\\vendor\\dompdf\\dompdf\\src\\Renderer.php(194): Dompdf\\Renderer->render()
#5 C:\\xampp\\htdocs\\onlineInvoice\\vendor\\dompdf\\dompdf\\src\\Renderer.php(194): Dompdf\\Renderer->render()
#6 C:\\xampp\\htdocs\\onlineInvoice\\vendor\\dompdf\\dompdf\\src\\Renderer.php(194): Dompdf\\Renderer->render()
#7 C:\\xampp\\htdocs\\onlineInvoice\\vendor\\dompdf\\dompdf\\src\\Renderer.php(194): Dompdf\\Renderer->render()
#8 C:\\xampp\\htdocs\\onlineInvoice\\vendor\\dompdf\\dompdf\\src\\Renderer.php(194): Dompdf\\Renderer->render()
#9 C:\\xampp\\htdocs\\onlineInvoice\\vendor\\dompdf\\dompdf\\src\\FrameReflower\\Page.php(148): Dompdf\\Renderer->render()
#10 C:\\xampp\\htdocs\\onlineInvoice\\vendor\\dompdf\\dompdf\\src\\FrameDecorator\\AbstractFrameDecorator.php(895): Dompdf\\FrameReflower\\Page->reflow()
#11 C:\\xampp\\htdocs\\onlineInvoice\\vendor\\dompdf\\dompdf\\src\\Dompdf.php(815): Dompdf\\FrameDecorator\\AbstractFrameDecorator->reflow()
#12 C:\\xampp\\htdocs\\onlineInvoice\\vendor\\barryvdh\\laravel-dompdf\\src\\PDF.php(208): Dompdf\\Dompdf->render()
#13 C:\\xampp\\htdocs\\onlineInvoice\\vendor\\barryvdh\\laravel-dompdf\\src\\PDF.php(155): Barryvdh\\DomPDF\\PDF->render()
#14 C:\\xampp\\htdocs\\onlineInvoice\\vendor\\barryvdh\\laravel-dompdf\\src\\PDF.php(167): Barryvdh\\DomPDF\\PDF->output()
#15 C:\\xampp\\htdocs\\onlineInvoice\\app\\Http\\Controllers\\userController.php(553): Barryvdh\\DomPDF\\PDF->save()
#16 [internal function]: App\\Http\\Controllers\\userController->createinvoice()
#17 C:\\xampp\\htdocs\\onlineInvoice\\vendor\\laravel\\framework\\src\\Illuminate\\Routing\\Controller.php(54): call_user_func_array()
#18 C:\\xampp\\htdocs\\onlineInvoice\\vendor\\laravel\\framework\\src\\Illuminate\\Routing\\ControllerDispatcher.php(45): Illuminate\\Routing\\Controller->callAction()
#19 C:\\xampp\\htdocs\\onlineInvoice\\vendor\\laravel\\framework\\src\\Illuminate\\Routing\\Route.php(219): Illuminate\\Routing\\ControllerDispatcher->dispatch()
#20 C:\\xampp\\htdocs\\onlineInvoice\\vendor\\laravel\\framework\\src\\Illuminate\\Routing\\Route.php(176): Illuminate\\Routing\\Route->runController()
#21 C:\\xampp\\htdocs\\onlineInvoice\\vendor\\laravel\\framework\\src\\Illuminate\\Routing\\Router.php(680): Illuminate\\Routing\\Route->run()
#22 C:\\xampp\\htdocs\\onlineInvoice\\vendor\\laravel\\framework\\src\\Illuminate\\Routing\\Pipeline.php(30): Illuminate\\Routing\\Router->Illuminate\\Routing\\{closure}()
#23 C:\\xampp\\htdocs\\onlineInvoice\\vendor\\laravel\\framework\\src\\Illuminate\\Routing\\Middleware\\SubstituteBindings.php(41): Illuminate\\Routing\\Pipeline->Illuminate\\Routing\\{closure}()
#24 C:\\xampp\\htdocs\\onlineInvoice\\vendor\\laravel\\framework\\src\\Illuminate\\Pipeline\\Pipeline.php(163): Illuminate\\Routing\\Middleware\\SubstituteBindings->handle()
#25 C:\\xampp\\htdocs\\onlineInvoice\\vendor\\laravel\\framework\\src\\Illuminate\\Routing\\Pipeline.php(53): Illuminate\\Pipeline\\Pipeline->Illuminate\\Pipeline\\{closure}()
#26 C:\\xampp\\htdocs\\onlineInvoice\\vendor\\laravel\\framework\\src\\Illuminate\\Foundation\\Http\\Middleware\\VerifyCsrfToken.php(75): Illuminate\\Routing\\Pipeline->Illuminate\\Routing\\{closure}()
#27 C:\\xampp\\htdocs\\onlineInvoice\\vendor\\laravel\\framework\\src\\Illuminate\\Pipeline\\Pipeline.php(163): Illuminate\\Foundation\\Http\\Middleware\\VerifyCsrfToken->handle()
#28 C:\\xampp\\htdocs\\onlineInvoice\\vendor\\laravel\\framework\\src\\Illuminate\\Routing\\Pipeline.php(53): Illuminate\\Pipeline\\Pipeline->Illuminate\\Pipeline\\{closure}()
#29 C:\\xampp\\htdocs\\onlineInvoice\\vendor\\laravel\\framework\\src\\Illuminate\\View\\Middleware\\ShareErrorsFromSession.php(49): Illuminate\\Routing\\Pipeline->Illuminate\\Routing\\{closure}()
#30 C:\\xampp\\htdocs\\onlineInvoice\\vendor\\laravel\\framework\\src\\Illuminate\\Pipeline\\Pipeline.php(163): Illuminate\\View\\Middleware\\ShareErrorsFromSession->handle()
#31 C:\\xampp\\htdocs\\onlineInvoice\\vendor\\laravel\\framework\\src\\Illuminate\\Routing\\Pipeline.php(53): Illuminate\\Pipeline\\Pipeline->Illuminate\\Pipeline\\{closure}()
#32 C:\\xampp\\htdocs\\onlineInvoice\\vendor\\laravel\\framework\\src\\Illuminate\\Session\\Middleware\\StartSession.php(56): Illuminate\\Routing\\Pipeline->Illuminate\\Routing\\{closure}()
#33 C:\\xampp\\htdocs\\onlineInvoice\\vendor\\laravel\\framework\\src\\Illuminate\\Pipeline\\Pipeline.php(163): Illuminate\\Session\\Middleware\\StartSession->handle()
#34 C:\\xampp\\htdocs\\onlineInvoice\\vendor\\laravel\\framework\\src\\Illuminate\\Routing\\Pipeline.php(53): Illuminate\\Pipeline\\Pipeline->Illuminate\\Pipeline\\{closure}()
#35 C:\\xampp\\htdocs\\onlineInvoice\\vendor\\laravel\\framework\\src\\Illuminate\\Cookie\\Middleware\\AddQueuedCookiesToResponse.php(37): Illuminate\\Routing\\Pipeline->Illuminate\\Routing\\{closure}()
#36 C:\\xampp\\htdocs\\onlineInvoice\\vendor\\laravel\\framework\\src\\Illuminate\\Pipeline\\Pipeline.php(163): Illuminate\\Cookie\\Middleware\\AddQueuedCookiesToResponse->handle()
#37 C:\\xampp\\htdocs\\onlineInvoice\\vendor\\laravel\\framework\\src\\Illuminate\\Routing\\Pipeline.php(53): Illuminate\\Pipeline\\Pipeline->Illuminate\\Pipeline\\{closure}()
#38 C:\\xampp\\htdocs\\onlineInvoice\\vendor\\laravel\\framework\\src\\Illuminate\\Cookie\\Middleware\\EncryptCookies.php(66): Illuminate\\Routing\\Pipeline->Illuminate\\Routing\\{closure}()
#39 C:\\xampp\\htdocs\\onlineInvoice\\vendor\\laravel\\framework\\src\\Illuminate\\Pipeline\\Pipeline.php(163): Illuminate\\Cookie\\Middleware\\EncryptCookies->handle()
#40 C:\\xampp\\htdocs\\onlineInvoice\\vendor\\laravel\\framework\\src\\Illuminate\\Routing\\Pipeline.php(53): Illuminate\\Pipeline\\Pipeline->Illuminate\\Pipeline\\{closure}()
#41 C:\\xampp\\htdocs\\onlineInvoice\\vendor\\laravel\\framework\\src\\Illuminate\\Pipeline\\Pipeline.php(104): Illuminate\\Routing\\Pipeline->Illuminate\\Routing\\{closure}()
#42 C:\\xampp\\htdocs\\onlineInvoice\\vendor\\laravel\\framework\\src\\Illuminate\\Routing\\Router.php(682): Illuminate\\Pipeline\\Pipeline->then()
#43 C:\\xampp\\htdocs\\onlineInvoice\\vendor\\laravel\\framework\\src\\Illuminate\\Routing\\Router.php(657): Illuminate\\Routing\\Router->runRouteWithinStack()
#44 C:\\xampp\\htdocs\\onlineInvoice\\vendor\\laravel\\framework\\src\\Illuminate\\Routing\\Router.php(623): Illuminate\\Routing\\Router->runRoute()
#45 C:\\xampp\\htdocs\\onlineInvoice\\vendor\\laravel\\framework\\src\\Illuminate\\Routing\\Router.php(612): Illuminate\\Routing\\Router->dispatchToRoute()
#46 C:\\xampp\\htdocs\\onlineInvoice\\vendor\\laravel\\framework\\src\\Illuminate\\Foundation\\Http\\Kernel.php(176): Illuminate\\Routing\\Router->dispatch()
#47 C:\\xampp\\htdocs\\onlineInvoice\\vendor\\laravel\\framework\\src\\Illuminate\\Routing\\Pipeline.php(30): Illuminate\\Foundation\\Http\\Kernel->Illuminate\\Foundation\\Http\\{closure}()
#48 C:\\xampp\\htdocs\\onlineInvoice\\vendor\\fideloper\\proxy\\src\\TrustProxies.php(57): Illuminate\\Routing\\Pipeline->Illuminate\\Routing\\{closure}()
#49 C:\\xampp\\htdocs\\onlineInvoice\\vendor\\laravel\\framework\\src\\Illuminate\\Pipeline\\Pipeline.php(163): Fideloper\\Proxy\\TrustProxies->handle()
#50 C:\\xampp\\htdocs\\onlineInvoice\\vendor\\laravel\\framework\\src\\Illuminate\\Routing\\Pipeline.php(53): Illuminate\\Pipeline\\Pipeline->Illuminate\\Pipeline\\{closure}()
#51 C:\\xampp\\htdocs\\onlineInvoice\\vendor\\laravel\\framework\\src\\Illuminate\\Foundation\\Http\\Middleware\\TransformsRequest.php(21): Illuminate\\Routing\\Pipeline->Illuminate\\Routing\\{closure}()
#52 C:\\xampp\\htdocs\\onlineInvoice\\vendor\\laravel\\framework\\src\\Illuminate\\Pipeline\\Pipeline.php(163): Illuminate\\Foundation\\Http\\Middleware\\TransformsRequest->handle()
#53 C:\\xampp\\htdocs\\onlineInvoice\\vendor\\laravel\\framework\\src\\Illuminate\\Routing\\Pipeline.php(53): Illuminate\\Pipeline\\Pipeline->Illuminate\\Pipeline\\{closure}()
#54 C:\\xampp\\htdocs\\onlineInvoice\\vendor\\laravel\\framework\\src\\Illuminate\\Foundation\\Http\\Middleware\\TransformsRequest.php(21): Illuminate\\Routing\\Pipeline->Illuminate\\Routing\\{closure}()
#55 C:\\xampp\\htdocs\\onlineInvoice\\vendor\\laravel\\framework\\src\\Illuminate\\Pipeline\\Pipeline.php(163): Illuminate\\Foundation\\Http\\Middleware\\TransformsRequest->handle()
#56 C:\\xampp\\htdocs\\onlineInvoice\\vendor\\laravel\\framework\\src\\Illuminate\\Routing\\Pipeline.php(53): Illuminate\\Pipeline\\Pipeline->Illuminate\\Pipeline\\{closure}()
#57 C:\\xampp\\htdocs\\onlineInvoice\\vendor\\laravel\\framework\\src\\Illuminate\\Foundation\\Http\\Middleware\\ValidatePostSize.php(27): Illuminate\\Routing\\Pipeline->Illuminate\\Routing\\{closure}()
#58 C:\\xampp\\htdocs\\onlineInvoice\\vendor\\laravel\\framework\\src\\Illuminate\\Pipeline\\Pipeline.php(163): Illuminate\\Foundation\\Http\\Middleware\\ValidatePostSize->handle()
#59 C:\\xampp\\htdocs\\onlineInvoice\\vendor\\laravel\\framework\\src\\Illuminate\\Routing\\Pipeline.php(53): Illuminate\\Pipeline\\Pipeline->Illuminate\\Pipeline\\{closure}()
#60 C:\\xampp\\htdocs\\onlineInvoice\\vendor\\laravel\\framework\\src\\Illuminate\\Foundation\\Http\\Middleware\\CheckForMaintenanceMode.php(62): Illuminate\\Routing\\Pipeline->Illuminate\\Routing\\{closure}()
#61 C:\\xampp\\htdocs\\onlineInvoice\\vendor\\laravel\\framework\\src\\Illuminate\\Pipeline\\Pipeline.php(163): Illuminate\\Foundation\\Http\\Middleware\\CheckForMaintenanceMode->handle()
#62 C:\\xampp\\htdocs\\onlineInvoice\\vendor\\laravel\\framework\\src\\Illuminate\\Routing\\Pipeline.php(53): Illuminate\\Pipeline\\Pipeline->Illuminate\\Pipeline\\{closure}()
#63 C:\\xampp\\htdocs\\onlineInvoice\\vendor\\laravel\\framework\\src\\Illuminate\\Pipeline\\Pipeline.php(104): Illuminate\\Routing\\Pipeline->Illuminate\\Routing\\{closure}()
#64 C:\\xampp\\htdocs\\onlineInvoice\\vendor\\laravel\\framework\\src\\Illuminate\\Foundation\\Http\\Kernel.php(151): Illuminate\\Pipeline\\Pipeline->then()
#65 C:\\xampp\\htdocs\\onlineInvoice\\vendor\\laravel\\framework\\src\\Illuminate\\Foundation\\Http\\Kernel.php(116): Illuminate\\Foundation\\Http\\Kernel->sendRequestThroughRouter()
#66 C:\\xampp\\htdocs\\onlineInvoice\\public\\index.php(55): Illuminate\\Foundation\\Http\\Kernel->handle()
#67 C:\\xampp\\htdocs\\onlineInvoice\\server.php(21): require_once('C:\\\\xampp\\\\htdocs...')
#68 {main}
"} 
[2020-12-12 17:10:28] local.ERROR: SQLSTATE[23000]: Integrity constraint violation: 1048 Column 'Sub_total' cannot be null (SQL: insert into `t_invoice` (`Sub_total`, `amount`, `amount_paid`, `date`, `description`, `discount`, `draft`, `due_balance`, `due_date`, `invoice_from`, `invoice_number`, `invoice_to`, `invoice_type`, `item`, `itemDescription`, `mail_to`, `owner`, `payment_terms`, `quantity`, `rate`, `shipping`, `tax`, `terms`, `total`) values (?, [null], ?, 2020-12-12, ?, ?, off, ?, ?, BKINGHT, 5fd4f89c43b66, Shawon, Invoice, ["Dell regular Mouse"], [null], shawon.eee.bracu@gmail.com, rifat, ?, [null], ["300"], ?, ?, ?, ?)) {"exception":"[object] (Illuminate\\Database\\QueryException(code: 23000): SQLSTATE[23000]: Integrity constraint violation: 1048 Column 'Sub_total' cannot be null (SQL: insert into `t_invoice` (`Sub_total`, `amount`, `amount_paid`, `date`, `description`, `discount`, `draft`, `due_balance`, `due_date`, `invoice_from`, `invoice_number`, `invoice_to`, `invoice_type`, `item`, `itemDescription`, `mail_to`, `owner`, `payment_terms`, `quantity`, `rate`, `shipping`, `tax`, `terms`, `total`) values (?, [null], ?, 2020-12-12, ?, ?, off, ?, ?, BKINGHT, 5fd4f89c43b66, Shawon, Invoice, [\"Dell regular Mouse\"], [null], shawon.eee.bracu@gmail.com, rifat, ?, [null], [\"300\"], ?, ?, ?, ?)) at C:\\xampp\\htdocs\\onlineInvoice\\vendor\\laravel\\framework\\src\\Illuminate\\Database\\Connection.php:664, Doctrine\\DBAL\\Driver\\PDO\\Exception(code: 23000): SQLSTATE[23000]: Integrity constraint violation: 1048 Column 'Sub_total' cannot be null at C:\\xampp\\htdocs\\onlineInvoice\\vendor\\doctrine\\dbal\\lib\\Doctrine\\DBAL\\Driver\\PDO\\Exception.php:18, PDOException(code: 23000): SQLSTATE[23000]: Integrity constraint violation: 1048 Column 'Sub_total' cannot be null at C:\\xampp\\htdocs\\onlineInvoice\\vendor\\doctrine\\dbal\\lib\\Doctrine\\DBAL\\Driver\\PDOStatement.php:115)
[stacktrace]
#0 C:\\xampp\\htdocs\\onlineInvoice\\vendor\\laravel\\framework\\src\\Illuminate\\Database\\Connection.php(624): Illuminate\\Database\\Connection->runQueryCallback()
#1 C:\\xampp\\htdocs\\onlineInvoice\\vendor\\laravel\\framework\\src\\Illuminate\\Database\\Connection.php(459): Illuminate\\Database\\Connection->run()
#2 C:\\xampp\\htdocs\\onlineInvoice\\vendor\\laravel\\framework\\src\\Illuminate\\Database\\Connection.php(411): Illuminate\\Database\\Connection->statement()
#3 C:\\xampp\\htdocs\\onlineInvoice\\vendor\\laravel\\framework\\src\\Illuminate\\Database\\Query\\Builder.php(2646): Illuminate\\Database\\Connection->insert()
#4 C:\\xampp\\htdocs\\onlineInvoice\\app\\Http\\Controllers\\userController.php(545): Illuminate\\Database\\Query\\Builder->insert()
#5 [internal function]: App\\Http\\Controllers\\userController->createinvoice()
#6 C:\\xampp\\htdocs\\onlineInvoice\\vendor\\laravel\\framework\\src\\Illuminate\\Routing\\Controller.php(54): call_user_func_array()
#7 C:\\xampp\\htdocs\\onlineInvoice\\vendor\\laravel\\framework\\src\\Illuminate\\Routing\\ControllerDispatcher.php(45): Illuminate\\Routing\\Controller->callAction()
#8 C:\\xampp\\htdocs\\onlineInvoice\\vendor\\laravel\\framework\\src\\Illuminate\\Routing\\Route.php(219): Illuminate\\Routing\\ControllerDispatcher->dispatch()
#9 C:\\xampp\\htdocs\\onlineInvoice\\vendor\\laravel\\framework\\src\\Illuminate\\Routing\\Route.php(176): Illuminate\\Routing\\Route->runController()
#10 C:\\xampp\\htdocs\\onlineInvoice\\vendor\\laravel\\framework\\src\\Illuminate\\Routing\\Router.php(680): Illuminate\\Routing\\Route->run()
#11 C:\\xampp\\htdocs\\onlineInvoice\\vendor\\laravel\\framework\\src\\Illuminate\\Routing\\Pipeline.php(30): Illuminate\\Routing\\Router->Illuminate\\Routing\\{closure}()
#12 C:\\xampp\\htdocs\\onlineInvoice\\vendor\\laravel\\framework\\src\\Illuminate\\Routing\\Middleware\\SubstituteBindings.php(41): Illuminate\\Routing\\Pipeline->Illuminate\\Routing\\{closure}()
#13 C:\\xampp\\htdocs\\onlineInvoice\\vendor\\laravel\\framework\\src\\Illuminate\\Pipeline\\Pipeline.php(163): Illuminate\\Routing\\Middleware\\SubstituteBindings->handle()
#14 C:\\xampp\\htdocs\\onlineInvoice\\vendor\\laravel\\framework\\src\\Illuminate\\Routing\\Pipeline.php(53): Illuminate\\Pipeline\\Pipeline->Illuminate\\Pipeline\\{closure}()
#15 C:\\xampp\\htdocs\\onlineInvoice\\vendor\\laravel\\framework\\src\\Illuminate\\Foundation\\Http\\Middleware\\VerifyCsrfToken.php(75): Illuminate\\Routing\\Pipeline->Illuminate\\Routing\\{closure}()
#16 C:\\xampp\\htdocs\\onlineInvoice\\vendor\\laravel\\framework\\src\\Illuminate\\Pipeline\\Pipeline.php(163): Illuminate\\Foundation\\Http\\Middleware\\VerifyCsrfToken->handle()
#17 C:\\xampp\\htdocs\\onlineInvoice\\vendor\\laravel\\framework\\src\\Illuminate\\Routing\\Pipeline.php(53): Illuminate\\Pipeline\\Pipeline->Illuminate\\Pipeline\\{closure}()
#18 C:\\xampp\\htdocs\\onlineInvoice\\vendor\\laravel\\framework\\src\\Illuminate\\View\\Middleware\\ShareErrorsFromSession.php(49): Illuminate\\Routing\\Pipeline->Illuminate\\Routing\\{closure}()
#19 C:\\xampp\\htdocs\\onlineInvoice\\vendor\\laravel\\framework\\src\\Illuminate\\Pipeline\\Pipeline.php(163): Illuminate\\View\\Middleware\\ShareErrorsFromSession->handle()
#20 C:\\xampp\\htdocs\\onlineInvoice\\vendor\\laravel\\framework\\src\\Illuminate\\Routing\\Pipeline.php(53): Illuminate\\Pipeline\\Pipeline->Illuminate\\Pipeline\\{closure}()
#21 C:\\xampp\\htdocs\\onlineInvoice\\vendor\\laravel\\framework\\src\\Illuminate\\Session\\Middleware\\StartSession.php(56): Illuminate\\Routing\\Pipeline->Illuminate\\Routing\\{closure}()
#22 C:\\xampp\\htdocs\\onlineInvoice\\vendor\\laravel\\framework\\src\\Illuminate\\Pipeline\\Pipeline.php(163): Illuminate\\Session\\Middleware\\StartSession->handle()
#23 C:\\xampp\\htdocs\\onlineInvoice\\vendor\\laravel\\framework\\src\\Illuminate\\Routing\\Pipeline.php(53): Illuminate\\Pipeline\\Pipeline->Illuminate\\Pipeline\\{closure}()
#24 C:\\xampp\\htdocs\\onlineInvoice\\vendor\\laravel\\framework\\src\\Illuminate\\Cookie\\Middleware\\AddQueuedCookiesToResponse.php(37): Illuminate\\Routing\\Pipeline->Illuminate\\Routing\\{closure}()
#25 C:\\xampp\\htdocs\\onlineInvoice\\vendor\\laravel\\framework\\src\\Illuminate\\Pipeline\\Pipeline.php(163): Illuminate\\Cookie\\Middleware\\AddQueuedCookiesToResponse->handle()
#26 C:\\xampp\\htdocs\\onlineInvoice\\vendor\\laravel\\framework\\src\\Illuminate\\Routing\\Pipeline.php(53): Illuminate\\Pipeline\\Pipeline->Illuminate\\Pipeline\\{closure}()
#27 C:\\xampp\\htdocs\\onlineInvoice\\vendor\\laravel\\framework\\src\\Illuminate\\Cookie\\Middleware\\EncryptCookies.php(66): Illuminate\\Routing\\Pipeline->Illuminate\\Routing\\{closure}()
#28 C:\\xampp\\htdocs\\onlineInvoice\\vendor\\laravel\\framework\\src\\Illuminate\\Pipeline\\Pipeline.php(163): Illuminate\\Cookie\\Middleware\\EncryptCookies->handle()
#29 C:\\xampp\\htdocs\\onlineInvoice\\vendor\\laravel\\framework\\src\\Illuminate\\Routing\\Pipeline.php(53): Illuminate\\Pipeline\\Pipeline->Illuminate\\Pipeline\\{closure}()
#30 C:\\xampp\\htdocs\\onlineInvoice\\vendor\\laravel\\framework\\src\\Illuminate\\Pipeline\\Pipeline.php(104): Illuminate\\Routing\\Pipeline->Illuminate\\Routing\\{closure}()
#31 C:\\xampp\\htdocs\\onlineInvoice\\vendor\\laravel\\framework\\src\\Illuminate\\Routing\\Router.php(682): Illuminate\\Pipeline\\Pipeline->then()
#32 C:\\xampp\\htdocs\\onlineInvoice\\vendor\\laravel\\framework\\src\\Illuminate\\Routing\\Router.php(657): Illuminate\\Routing\\Router->runRouteWithinStack()
#33 C:\\xampp\\htdocs\\onlineInvoice\\vendor\\laravel\\framework\\src\\Illuminate\\Routing\\Router.php(623): Illuminate\\Routing\\Router->runRoute()
#34 C:\\xampp\\htdocs\\onlineInvoice\\vendor\\laravel\\framework\\src\\Illuminate\\Routing\\Router.php(612): Illuminate\\Routing\\Router->dispatchToRoute()
#35 C:\\xampp\\htdocs\\onlineInvoice\\vendor\\laravel\\framework\\src\\Illuminate\\Foundation\\Http\\Kernel.php(176): Illuminate\\Routing\\Router->dispatch()
#36 C:\\xampp\\htdocs\\onlineInvoice\\vendor\\laravel\\framework\\src\\Illuminate\\Routing\\Pipeline.php(30): Illuminate\\Foundation\\Http\\Kernel->Illuminate\\Foundation\\Http\\{closure}()
#37 C:\\xampp\\htdocs\\onlineInvoice\\vendor\\fideloper\\proxy\\src\\TrustProxies.php(57): Illuminate\\Routing\\Pipeline->Illuminate\\Routing\\{closure}()
#38 C:\\xampp\\htdocs\\onlineInvoice\\vendor\\laravel\\framework\\src\\Illuminate\\Pipeline\\Pipeline.php(163): Fideloper\\Proxy\\TrustProxies->handle()
#39 C:\\xampp\\htdocs\\onlineInvoice\\vendor\\laravel\\framework\\src\\Illuminate\\Routing\\Pipeline.php(53): Illuminate\\Pipeline\\Pipeline->Illuminate\\Pipeline\\{closure}()
#40 C:\\xampp\\htdocs\\onlineInvoice\\vendor\\laravel\\framework\\src\\Illuminate\\Foundation\\Http\\Middleware\\TransformsRequest.php(21): Illuminate\\Routing\\Pipeline->Illuminate\\Routing\\{closure}()
#41 C:\\xampp\\htdocs\\onlineInvoice\\vendor\\laravel\\framework\\src\\Illuminate\\Pipeline\\Pipeline.php(163): Illuminate\\Foundation\\Http\\Middleware\\TransformsRequest->handle()
#42 C:\\xampp\\htdocs\\onlineInvoice\\vendor\\laravel\\framework\\src\\Illuminate\\Routing\\Pipeline.php(53): Illuminate\\Pipeline\\Pipeline->Illuminate\\Pipeline\\{closure}()
#43 C:\\xampp\\htdocs\\onlineInvoice\\vendor\\laravel\\framework\\src\\Illuminate\\Foundation\\Http\\Middleware\\TransformsRequest.php(21): Illuminate\\Routing\\Pipeline->Illuminate\\Routing\\{closure}()
#44 C:\\xampp\\htdocs\\onlineInvoice\\vendor\\laravel\\framework\\src\\Illuminate\\Pipeline\\Pipeline.php(163): Illuminate\\Foundation\\Http\\Middleware\\TransformsRequest->handle()
#45 C:\\xampp\\htdocs\\onlineInvoice\\vendor\\laravel\\framework\\src\\Illuminate\\Routing\\Pipeline.php(53): Illuminate\\Pipeline\\Pipeline->Illuminate\\Pipeline\\{closure}()
#46 C:\\xampp\\htdocs\\onlineInvoice\\vendor\\laravel\\framework\\src\\Illuminate\\Foundation\\Http\\Middleware\\ValidatePostSize.php(27): Illuminate\\Routing\\Pipeline->Illuminate\\Routing\\{closure}()
#47 C:\\xampp\\htdocs\\onlineInvoice\\vendor\\laravel\\framework\\src\\Illuminate\\Pipeline\\Pipeline.php(163): Illuminate\\Foundation\\Http\\Middleware\\ValidatePostSize->handle()
#48 C:\\xampp\\htdocs\\onlineInvoice\\vendor\\laravel\\framework\\src\\Illuminate\\Routing\\Pipeline.php(53): Illuminate\\Pipeline\\Pipeline->Illuminate\\Pipeline\\{closure}()
#49 C:\\xampp\\htdocs\\onlineInvoice\\vendor\\laravel\\framework\\src\\Illuminate\\Foundation\\Http\\Middleware\\CheckForMaintenanceMode.php(62): Illuminate\\Routing\\Pipeline->Illuminate\\Routing\\{closure}()
#50 C:\\xampp\\htdocs\\onlineInvoice\\vendor\\laravel\\framework\\src\\Illuminate\\Pipeline\\Pipeline.php(163): Illuminate\\Foundation\\Http\\Middleware\\CheckForMaintenanceMode->handle()
#51 C:\\xampp\\htdocs\\onlineInvoice\\vendor\\laravel\\framework\\src\\Illuminate\\Routing\\Pipeline.php(53): Illuminate\\Pipeline\\Pipeline->Illuminate\\Pipeline\\{closure}()
#52 C:\\xampp\\htdocs\\onlineInvoice\\vendor\\laravel\\framework\\src\\Illuminate\\Pipeline\\Pipeline.php(104): Illuminate\\Routing\\Pipeline->Illuminate\\Routing\\{closure}()
#53 C:\\xampp\\htdocs\\onlineInvoice\\vendor\\laravel\\framework\\src\\Illuminate\\Foundation\\Http\\Kernel.php(151): Illuminate\\Pipeline\\Pipeline->then()
#54 C:\\xampp\\htdocs\\onlineInvoice\\vendor\\laravel\\framework\\src\\Illuminate\\Foundation\\Http\\Kernel.php(116): Illuminate\\Foundation\\Http\\Kernel->sendRequestThroughRouter()
#55 C:\\xampp\\htdocs\\onlineInvoice\\public\\index.php(55): Illuminate\\Foundation\\Http\\Kernel->handle()
#56 C:\\xampp\\htdocs\\onlineInvoice\\server.php(21): require_once('C:\\\\xampp\\\\htdocs...')
#57 {main}
"} 
[2020-12-12 17:17:27] local.ERROR: SQLSTATE[23000]: Integrity constraint violation: 1048 Column 'Sub_total' cannot be null (SQL: insert into `t_invoice` (`Sub_total`, `amount`, `amount_paid`, `date`, `description`, `discount`, `draft`, `due_balance`, `due_date`, `invoice_from`, `invoice_number`, `invoice_to`, `invoice_type`, `item`, `itemDescription`, `mail_to`, `owner`, `payment_terms`, `quantity`, `rate`, `shipping`, `tax`, `terms`, `total`) values (?, [null,null,null], ?, 2020-12-12, ?, ?, off, ?, 2020-12-12, BKINGHT, 5fd4faad33d42, Shawon, Invoice, ["Dell regular Mouse","Graphics card","Website"], [null,null,null], shawon.eee.bracu@gmail.com, rifat, ?, ["2","2","2"], ["300","2500","5000"], ?, 15, ?, ?)) {"exception":"[object] (Illuminate\\Database\\QueryException(code: 23000): SQLSTATE[23000]: Integrity constraint violation: 1048 Column 'Sub_total' cannot be null (SQL: insert into `t_invoice` (`Sub_total`, `amount`, `amount_paid`, `date`, `description`, `discount`, `draft`, `due_balance`, `due_date`, `invoice_from`, `invoice_number`, `invoice_to`, `invoice_type`, `item`, `itemDescription`, `mail_to`, `owner`, `payment_terms`, `quantity`, `rate`, `shipping`, `tax`, `terms`, `total`) values (?, [null,null,null], ?, 2020-12-12, ?, ?, off, ?, 2020-12-12, BKINGHT, 5fd4faad33d42, Shawon, Invoice, [\"Dell regular Mouse\",\"Graphics card\",\"Website\"], [null,null,null], shawon.eee.bracu@gmail.com, rifat, ?, [\"2\",\"2\",\"2\"], [\"300\",\"2500\",\"5000\"], ?, 15, ?, ?)) at C:\\xampp\\htdocs\\onlineInvoice\\vendor\\laravel\\framework\\src\\Illuminate\\Database\\Connection.php:664, Doctrine\\DBAL\\Driver\\PDO\\Exception(code: 23000): SQLSTATE[23000]: Integrity constraint violation: 1048 Column 'Sub_total' cannot be null at C:\\xampp\\htdocs\\onlineInvoice\\vendor\\doctrine\\dbal\\lib\\Doctrine\\DBAL\\Driver\\PDO\\Exception.php:18, PDOException(code: 23000): SQLSTATE[23000]: Integrity constraint violation: 1048 Column 'Sub_total' cannot be null at C:\\xampp\\htdocs\\onlineInvoice\\vendor\\doctrine\\dbal\\lib\\Doctrine\\DBAL\\Driver\\PDOStatement.php:115)
[stacktrace]
#0 C:\\xampp\\htdocs\\onlineInvoice\\vendor\\laravel\\framework\\src\\Illuminate\\Database\\Connection.php(624): Illuminate\\Database\\Connection->runQueryCallback()
#1 C:\\xampp\\htdocs\\onlineInvoice\\vendor\\laravel\\framework\\src\\Illuminate\\Database\\Connection.php(459): Illuminate\\Database\\Connection->run()
#2 C:\\xampp\\htdocs\\onlineInvoice\\vendor\\laravel\\framework\\src\\Illuminate\\Database\\Connection.php(411): Illuminate\\Database\\Connection->statement()
#3 C:\\xampp\\htdocs\\onlineInvoice\\vendor\\laravel\\framework\\src\\Illuminate\\Database\\Query\\Builder.php(2646): Illuminate\\Database\\Connection->insert()
#4 C:\\xampp\\htdocs\\onlineInvoice\\app\\Http\\Controllers\\userController.php(545): Illuminate\\Database\\Query\\Builder->insert()
#5 [internal function]: App\\Http\\Controllers\\userController->createinvoice()
#6 C:\\xampp\\htdocs\\onlineInvoice\\vendor\\laravel\\framework\\src\\Illuminate\\Routing\\Controller.php(54): call_user_func_array()
#7 C:\\xampp\\htdocs\\onlineInvoice\\vendor\\laravel\\framework\\src\\Illuminate\\Routing\\ControllerDispatcher.php(45): Illuminate\\Routing\\Controller->callAction()
#8 C:\\xampp\\htdocs\\onlineInvoice\\vendor\\laravel\\framework\\src\\Illuminate\\Routing\\Route.php(219): Illuminate\\Routing\\ControllerDispatcher->dispatch()
#9 C:\\xampp\\htdocs\\onlineInvoice\\vendor\\laravel\\framework\\src\\Illuminate\\Routing\\Route.php(176): Illuminate\\Routing\\Route->runController()
#10 C:\\xampp\\htdocs\\onlineInvoice\\vendor\\laravel\\framework\\src\\Illuminate\\Routing\\Router.php(680): Illuminate\\Routing\\Route->run()
#11 C:\\xampp\\htdocs\\onlineInvoice\\vendor\\laravel\\framework\\src\\Illuminate\\Routing\\Pipeline.php(30): Illuminate\\Routing\\Router->Illuminate\\Routing\\{closure}()
#12 C:\\xampp\\htdocs\\onlineInvoice\\vendor\\laravel\\framework\\src\\Illuminate\\Routing\\Middleware\\SubstituteBindings.php(41): Illuminate\\Routing\\Pipeline->Illuminate\\Routing\\{closure}()
#13 C:\\xampp\\htdocs\\onlineInvoice\\vendor\\laravel\\framework\\src\\Illuminate\\Pipeline\\Pipeline.php(163): Illuminate\\Routing\\Middleware\\SubstituteBindings->handle()
#14 C:\\xampp\\htdocs\\onlineInvoice\\vendor\\laravel\\framework\\src\\Illuminate\\Routing\\Pipeline.php(53): Illuminate\\Pipeline\\Pipeline->Illuminate\\Pipeline\\{closure}()
#15 C:\\xampp\\htdocs\\onlineInvoice\\vendor\\laravel\\framework\\src\\Illuminate\\Foundation\\Http\\Middleware\\VerifyCsrfToken.php(75): Illuminate\\Routing\\Pipeline->Illuminate\\Routing\\{closure}()
#16 C:\\xampp\\htdocs\\onlineInvoice\\vendor\\laravel\\framework\\src\\Illuminate\\Pipeline\\Pipeline.php(163): Illuminate\\Foundation\\Http\\Middleware\\VerifyCsrfToken->handle()
#17 C:\\xampp\\htdocs\\onlineInvoice\\vendor\\laravel\\framework\\src\\Illuminate\\Routing\\Pipeline.php(53): Illuminate\\Pipeline\\Pipeline->Illuminate\\Pipeline\\{closure}()
#18 C:\\xampp\\htdocs\\onlineInvoice\\vendor\\laravel\\framework\\src\\Illuminate\\View\\Middleware\\ShareErrorsFromSession.php(49): Illuminate\\Routing\\Pipeline->Illuminate\\Routing\\{closure}()
#19 C:\\xampp\\htdocs\\onlineInvoice\\vendor\\laravel\\framework\\src\\Illuminate\\Pipeline\\Pipeline.php(163): Illuminate\\View\\Middleware\\ShareErrorsFromSession->handle()
#20 C:\\xampp\\htdocs\\onlineInvoice\\vendor\\laravel\\framework\\src\\Illuminate\\Routing\\Pipeline.php(53): Illuminate\\Pipeline\\Pipeline->Illuminate\\Pipeline\\{closure}()
#21 C:\\xampp\\htdocs\\onlineInvoice\\vendor\\laravel\\framework\\src\\Illuminate\\Session\\Middleware\\StartSession.php(56): Illuminate\\Routing\\Pipeline->Illuminate\\Routing\\{closure}()
#22 C:\\xampp\\htdocs\\onlineInvoice\\vendor\\laravel\\framework\\src\\Illuminate\\Pipeline\\Pipeline.php(163): Illuminate\\Session\\Middleware\\StartSession->handle()
#23 C:\\xampp\\htdocs\\onlineInvoice\\vendor\\laravel\\framework\\src\\Illuminate\\Routing\\Pipeline.php(53): Illuminate\\Pipeline\\Pipeline->Illuminate\\Pipeline\\{closure}()
#24 C:\\xampp\\htdocs\\onlineInvoice\\vendor\\laravel\\framework\\src\\Illuminate\\Cookie\\Middleware\\AddQueuedCookiesToResponse.php(37): Illuminate\\Routing\\Pipeline->Illuminate\\Routing\\{closure}()
#25 C:\\xampp\\htdocs\\onlineInvoice\\vendor\\laravel\\framework\\src\\Illuminate\\Pipeline\\Pipeline.php(163): Illuminate\\Cookie\\Middleware\\AddQueuedCookiesToResponse->handle()
#26 C:\\xampp\\htdocs\\onlineInvoice\\vendor\\laravel\\framework\\src\\Illuminate\\Routing\\Pipeline.php(53): Illuminate\\Pipeline\\Pipeline->Illuminate\\Pipeline\\{closure}()
#27 C:\\xampp\\htdocs\\onlineInvoice\\vendor\\laravel\\framework\\src\\Illuminate\\Cookie\\Middleware\\EncryptCookies.php(66): Illuminate\\Routing\\Pipeline->Illuminate\\Routing\\{closure}()
#28 C:\\xampp\\htdocs\\onlineInvoice\\vendor\\laravel\\framework\\src\\Illuminate\\Pipeline\\Pipeline.php(163): Illuminate\\Cookie\\Middleware\\EncryptCookies->handle()
#29 C:\\xampp\\htdocs\\onlineInvoice\\vendor\\laravel\\framework\\src\\Illuminate\\Routing\\Pipeline.php(53): Illuminate\\Pipeline\\Pipeline->Illuminate\\Pipeline\\{closure}()
#30 C:\\xampp\\htdocs\\onlineInvoice\\vendor\\laravel\\framework\\src\\Illuminate\\Pipeline\\Pipeline.php(104): Illuminate\\Routing\\Pipeline->Illuminate\\Routing\\{closure}()
#31 C:\\xampp\\htdocs\\onlineInvoice\\vendor\\laravel\\framework\\src\\Illuminate\\Routing\\Router.php(682): Illuminate\\Pipeline\\Pipeline->then()
#32 C:\\xampp\\htdocs\\onlineInvoice\\vendor\\laravel\\framework\\src\\Illuminate\\Routing\\Router.php(657): Illuminate\\Routing\\Router->runRouteWithinStack()
#33 C:\\xampp\\htdocs\\onlineInvoice\\vendor\\laravel\\framework\\src\\Illuminate\\Routing\\Router.php(623): Illuminate\\Routing\\Router->runRoute()
#34 C:\\xampp\\htdocs\\onlineInvoice\\vendor\\laravel\\framework\\src\\Illuminate\\Routing\\Router.php(612): Illuminate\\Routing\\Router->dispatchToRoute()
#35 C:\\xampp\\htdocs\\onlineInvoice\\vendor\\laravel\\framework\\src\\Illuminate\\Foundation\\Http\\Kernel.php(176): Illuminate\\Routing\\Router->dispatch()
#36 C:\\xampp\\htdocs\\onlineInvoice\\vendor\\laravel\\framework\\src\\Illuminate\\Routing\\Pipeline.php(30): Illuminate\\Foundation\\Http\\Kernel->Illuminate\\Foundation\\Http\\{closure}()
#37 C:\\xampp\\htdocs\\onlineInvoice\\vendor\\fideloper\\proxy\\src\\TrustProxies.php(57): Illuminate\\Routing\\Pipeline->Illuminate\\Routing\\{closure}()
#38 C:\\xampp\\htdocs\\onlineInvoice\\vendor\\laravel\\framework\\src\\Illuminate\\Pipeline\\Pipeline.php(163): Fideloper\\Proxy\\TrustProxies->handle()
#39 C:\\xampp\\htdocs\\onlineInvoice\\vendor\\laravel\\framework\\src\\Illuminate\\Routing\\Pipeline.php(53): Illuminate\\Pipeline\\Pipeline->Illuminate\\Pipeline\\{closure}()
#40 C:\\xampp\\htdocs\\onlineInvoice\\vendor\\laravel\\framework\\src\\Illuminate\\Foundation\\Http\\Middleware\\TransformsRequest.php(21): Illuminate\\Routing\\Pipeline->Illuminate\\Routing\\{closure}()
#41 C:\\xampp\\htdocs\\onlineInvoice\\vendor\\laravel\\framework\\src\\Illuminate\\Pipeline\\Pipeline.php(163): Illuminate\\Foundation\\Http\\Middleware\\TransformsRequest->handle()
#42 C:\\xampp\\htdocs\\onlineInvoice\\vendor\\laravel\\framework\\src\\Illuminate\\Routing\\Pipeline.php(53): Illuminate\\Pipeline\\Pipeline->Illuminate\\Pipeline\\{closure}()
#43 C:\\xampp\\htdocs\\onlineInvoice\\vendor\\laravel\\framework\\src\\Illuminate\\Foundation\\Http\\Middleware\\TransformsRequest.php(21): Illuminate\\Routing\\Pipeline->Illuminate\\Routing\\{closure}()
#44 C:\\xampp\\htdocs\\onlineInvoice\\vendor\\laravel\\framework\\src\\Illuminate\\Pipeline\\Pipeline.php(163): Illuminate\\Foundation\\Http\\Middleware\\TransformsRequest->handle()
#45 C:\\xampp\\htdocs\\onlineInvoice\\vendor\\laravel\\framework\\src\\Illuminate\\Routing\\Pipeline.php(53): Illuminate\\Pipeline\\Pipeline->Illuminate\\Pipeline\\{closure}()
#46 C:\\xampp\\htdocs\\onlineInvoice\\vendor\\laravel\\framework\\src\\Illuminate\\Foundation\\Http\\Middleware\\ValidatePostSize.php(27): Illuminate\\Routing\\Pipeline->Illuminate\\Routing\\{closure}()
#47 C:\\xampp\\htdocs\\onlineInvoice\\vendor\\laravel\\framework\\src\\Illuminate\\Pipeline\\Pipeline.php(163): Illuminate\\Foundation\\Http\\Middleware\\ValidatePostSize->handle()
#48 C:\\xampp\\htdocs\\onlineInvoice\\vendor\\laravel\\framework\\src\\Illuminate\\Routing\\Pipeline.php(53): Illuminate\\Pipeline\\Pipeline->Illuminate\\Pipeline\\{closure}()
#49 C:\\xampp\\htdocs\\onlineInvoice\\vendor\\laravel\\framework\\src\\Illuminate\\Foundation\\Http\\Middleware\\CheckForMaintenanceMode.php(62): Illuminate\\Routing\\Pipeline->Illuminate\\Routing\\{closure}()
#50 C:\\xampp\\htdocs\\onlineInvoice\\vendor\\laravel\\framework\\src\\Illuminate\\Pipeline\\Pipeline.php(163): Illuminate\\Foundation\\Http\\Middleware\\CheckForMaintenanceMode->handle()
#51 C:\\xampp\\htdocs\\onlineInvoice\\vendor\\laravel\\framework\\src\\Illuminate\\Routing\\Pipeline.php(53): Illuminate\\Pipeline\\Pipeline->Illuminate\\Pipeline\\{closure}()
#52 C:\\xampp\\htdocs\\onlineInvoice\\vendor\\laravel\\framework\\src\\Illuminate\\Pipeline\\Pipeline.php(104): Illuminate\\Routing\\Pipeline->Illuminate\\Routing\\{closure}()
#53 C:\\xampp\\htdocs\\onlineInvoice\\vendor\\laravel\\framework\\src\\Illuminate\\Foundation\\Http\\Kernel.php(151): Illuminate\\Pipeline\\Pipeline->then()
#54 C:\\xampp\\htdocs\\onlineInvoice\\vendor\\laravel\\framework\\src\\Illuminate\\Foundation\\Http\\Kernel.php(116): Illuminate\\Foundation\\Http\\Kernel->sendRequestThroughRouter()
#55 C:\\xampp\\htdocs\\onlineInvoice\\public\\index.php(55): Illuminate\\Foundation\\Http\\Kernel->handle()
#56 C:\\xampp\\htdocs\\onlineInvoice\\server.php(21): require_once('C:\\\\xampp\\\\htdocs...')
#57 {main}
"} 
[2020-12-12 17:22:28] local.ERROR: SQLSTATE[23000]: Integrity constraint violation: 1048 Column 'Sub_total' cannot be null (SQL: insert into `t_invoice` (`Sub_total`, `amount`, `amount_paid`, `date`, `description`, `discount`, `draft`, `due_balance`, `due_date`, `invoice_from`, `invoice_number`, `invoice_to`, `invoice_type`, `item`, `itemDescription`, `mail_to`, `owner`, `payment_terms`, `quantity`, `rate`, `shipping`, `tax`, `terms`, `total`) values (?, [null,null], ?, 2020-12-12, ?, ?, off, ?, 2020-12-12, Singer, 5fd4fc268aa80, Shawon, Invoice, ["tv","fan"], [null,null], shawon.eee.bracu@gmail.com, shawon-user, on chash, ["1","2"], ["35000","2500"], ?, ?, ?, ?)) {"exception":"[object] (Illuminate\\Database\\QueryException(code: 23000): SQLSTATE[23000]: Integrity constraint violation: 1048 Column 'Sub_total' cannot be null (SQL: insert into `t_invoice` (`Sub_total`, `amount`, `amount_paid`, `date`, `description`, `discount`, `draft`, `due_balance`, `due_date`, `invoice_from`, `invoice_number`, `invoice_to`, `invoice_type`, `item`, `itemDescription`, `mail_to`, `owner`, `payment_terms`, `quantity`, `rate`, `shipping`, `tax`, `terms`, `total`) values (?, [null,null], ?, 2020-12-12, ?, ?, off, ?, 2020-12-12, Singer, 5fd4fc268aa80, Shawon, Invoice, [\"tv\",\"fan\"], [null,null], shawon.eee.bracu@gmail.com, shawon-user, on chash, [\"1\",\"2\"], [\"35000\",\"2500\"], ?, ?, ?, ?)) at C:\\xampp\\htdocs\\onlineInvoice\\vendor\\laravel\\framework\\src\\Illuminate\\Database\\Connection.php:664, Doctrine\\DBAL\\Driver\\PDO\\Exception(code: 23000): SQLSTATE[23000]: Integrity constraint violation: 1048 Column 'Sub_total' cannot be null at C:\\xampp\\htdocs\\onlineInvoice\\vendor\\doctrine\\dbal\\lib\\Doctrine\\DBAL\\Driver\\PDO\\Exception.php:18, PDOException(code: 23000): SQLSTATE[23000]: Integrity constraint violation: 1048 Column 'Sub_total' cannot be null at C:\\xampp\\htdocs\\onlineInvoice\\vendor\\doctrine\\dbal\\lib\\Doctrine\\DBAL\\Driver\\PDOStatement.php:115)
[stacktrace]
#0 C:\\xampp\\htdocs\\onlineInvoice\\vendor\\laravel\\framework\\src\\Illuminate\\Database\\Connection.php(624): Illuminate\\Database\\Connection->runQueryCallback()
#1 C:\\xampp\\htdocs\\onlineInvoice\\vendor\\laravel\\framework\\src\\Illuminate\\Database\\Connection.php(459): Illuminate\\Database\\Connection->run()
#2 C:\\xampp\\htdocs\\onlineInvoice\\vendor\\laravel\\framework\\src\\Illuminate\\Database\\Connection.php(411): Illuminate\\Database\\Connection->statement()
#3 C:\\xampp\\htdocs\\onlineInvoice\\vendor\\laravel\\framework\\src\\Illuminate\\Database\\Query\\Builder.php(2646): Illuminate\\Database\\Connection->insert()
#4 C:\\xampp\\htdocs\\onlineInvoice\\app\\Http\\Controllers\\userController.php(545): Illuminate\\Database\\Query\\Builder->insert()
#5 [internal function]: App\\Http\\Controllers\\userController->createinvoice()
#6 C:\\xampp\\htdocs\\onlineInvoice\\vendor\\laravel\\framework\\src\\Illuminate\\Routing\\Controller.php(54): call_user_func_array()
#7 C:\\xampp\\htdocs\\onlineInvoice\\vendor\\laravel\\framework\\src\\Illuminate\\Routing\\ControllerDispatcher.php(45): Illuminate\\Routing\\Controller->callAction()
#8 C:\\xampp\\htdocs\\onlineInvoice\\vendor\\laravel\\framework\\src\\Illuminate\\Routing\\Route.php(219): Illuminate\\Routing\\ControllerDispatcher->dispatch()
#9 C:\\xampp\\htdocs\\onlineInvoice\\vendor\\laravel\\framework\\src\\Illuminate\\Routing\\Route.php(176): Illuminate\\Routing\\Route->runController()
#10 C:\\xampp\\htdocs\\onlineInvoice\\vendor\\laravel\\framework\\src\\Illuminate\\Routing\\Router.php(680): Illuminate\\Routing\\Route->run()
#11 C:\\xampp\\htdocs\\onlineInvoice\\vendor\\laravel\\framework\\src\\Illuminate\\Routing\\Pipeline.php(30): Illuminate\\Routing\\Router->Illuminate\\Routing\\{closure}()
#12 C:\\xampp\\htdocs\\onlineInvoice\\vendor\\laravel\\framework\\src\\Illuminate\\Routing\\Middleware\\SubstituteBindings.php(41): Illuminate\\Routing\\Pipeline->Illuminate\\Routing\\{closure}()
#13 C:\\xampp\\htdocs\\onlineInvoice\\vendor\\laravel\\framework\\src\\Illuminate\\Pipeline\\Pipeline.php(163): Illuminate\\Routing\\Middleware\\SubstituteBindings->handle()
#14 C:\\xampp\\htdocs\\onlineInvoice\\vendor\\laravel\\framework\\src\\Illuminate\\Routing\\Pipeline.php(53): Illuminate\\Pipeline\\Pipeline->Illuminate\\Pipeline\\{closure}()
#15 C:\\xampp\\htdocs\\onlineInvoice\\vendor\\laravel\\framework\\src\\Illuminate\\Foundation\\Http\\Middleware\\VerifyCsrfToken.php(75): Illuminate\\Routing\\Pipeline->Illuminate\\Routing\\{closure}()
#16 C:\\xampp\\htdocs\\onlineInvoice\\vendor\\laravel\\framework\\src\\Illuminate\\Pipeline\\Pipeline.php(163): Illuminate\\Foundation\\Http\\Middleware\\VerifyCsrfToken->handle()
#17 C:\\xampp\\htdocs\\onlineInvoice\\vendor\\laravel\\framework\\src\\Illuminate\\Routing\\Pipeline.php(53): Illuminate\\Pipeline\\Pipeline->Illuminate\\Pipeline\\{closure}()
#18 C:\\xampp\\htdocs\\onlineInvoice\\vendor\\laravel\\framework\\src\\Illuminate\\View\\Middleware\\ShareErrorsFromSession.php(49): Illuminate\\Routing\\Pipeline->Illuminate\\Routing\\{closure}()
#19 C:\\xampp\\htdocs\\onlineInvoice\\vendor\\laravel\\framework\\src\\Illuminate\\Pipeline\\Pipeline.php(163): Illuminate\\View\\Middleware\\ShareErrorsFromSession->handle()
#20 C:\\xampp\\htdocs\\onlineInvoice\\vendor\\laravel\\framework\\src\\Illuminate\\Routing\\Pipeline.php(53): Illuminate\\Pipeline\\Pipeline->Illuminate\\Pipeline\\{closure}()
#21 C:\\xampp\\htdocs\\onlineInvoice\\vendor\\laravel\\framework\\src\\Illuminate\\Session\\Middleware\\StartSession.php(56): Illuminate\\Routing\\Pipeline->Illuminate\\Routing\\{closure}()
#22 C:\\xampp\\htdocs\\onlineInvoice\\vendor\\laravel\\framework\\src\\Illuminate\\Pipeline\\Pipeline.php(163): Illuminate\\Session\\Middleware\\StartSession->handle()
#23 C:\\xampp\\htdocs\\onlineInvoice\\vendor\\laravel\\framework\\src\\Illuminate\\Routing\\Pipeline.php(53): Illuminate\\Pipeline\\Pipeline->Illuminate\\Pipeline\\{closure}()
#24 C:\\xampp\\htdocs\\onlineInvoice\\vendor\\laravel\\framework\\src\\Illuminate\\Cookie\\Middleware\\AddQueuedCookiesToResponse.php(37): Illuminate\\Routing\\Pipeline->Illuminate\\Routing\\{closure}()
#25 C:\\xampp\\htdocs\\onlineInvoice\\vendor\\laravel\\framework\\src\\Illuminate\\Pipeline\\Pipeline.php(163): Illuminate\\Cookie\\Middleware\\AddQueuedCookiesToResponse->handle()
#26 C:\\xampp\\htdocs\\onlineInvoice\\vendor\\laravel\\framework\\src\\Illuminate\\Routing\\Pipeline.php(53): Illuminate\\Pipeline\\Pipeline->Illuminate\\Pipeline\\{closure}()
#27 C:\\xampp\\htdocs\\onlineInvoice\\vendor\\laravel\\framework\\src\\Illuminate\\Cookie\\Middleware\\EncryptCookies.php(66): Illuminate\\Routing\\Pipeline->Illuminate\\Routing\\{closure}()
#28 C:\\xampp\\htdocs\\onlineInvoice\\vendor\\laravel\\framework\\src\\Illuminate\\Pipeline\\Pipeline.php(163): Illuminate\\Cookie\\Middleware\\EncryptCookies->handle()
#29 C:\\xampp\\htdocs\\onlineInvoice\\vendor\\laravel\\framework\\src\\Illuminate\\Routing\\Pipeline.php(53): Illuminate\\Pipeline\\Pipeline->Illuminate\\Pipeline\\{closure}()
#30 C:\\xampp\\htdocs\\onlineInvoice\\vendor\\laravel\\framework\\src\\Illuminate\\Pipeline\\Pipeline.php(104): Illuminate\\Routing\\Pipeline->Illuminate\\Routing\\{closure}()
#31 C:\\xampp\\htdocs\\onlineInvoice\\vendor\\laravel\\framework\\src\\Illuminate\\Routing\\Router.php(682): Illuminate\\Pipeline\\Pipeline->then()
#32 C:\\xampp\\htdocs\\onlineInvoice\\vendor\\laravel\\framework\\src\\Illuminate\\Routing\\Router.php(657): Illuminate\\Routing\\Router->runRouteWithinStack()
#33 C:\\xampp\\htdocs\\onlineInvoice\\vendor\\laravel\\framework\\src\\Illuminate\\Routing\\Router.php(623): Illuminate\\Routing\\Router->runRoute()
#34 C:\\xampp\\htdocs\\onlineInvoice\\vendor\\laravel\\framework\\src\\Illuminate\\Routing\\Router.php(612): Illuminate\\Routing\\Router->dispatchToRoute()
#35 C:\\xampp\\htdocs\\onlineInvoice\\vendor\\laravel\\framework\\src\\Illuminate\\Foundation\\Http\\Kernel.php(176): Illuminate\\Routing\\Router->dispatch()
#36 C:\\xampp\\htdocs\\onlineInvoice\\vendor\\laravel\\framework\\src\\Illuminate\\Routing\\Pipeline.php(30): Illuminate\\Foundation\\Http\\Kernel->Illuminate\\Foundation\\Http\\{closure}()
#37 C:\\xampp\\htdocs\\onlineInvoice\\vendor\\fideloper\\proxy\\src\\TrustProxies.php(57): Illuminate\\Routing\\Pipeline->Illuminate\\Routing\\{closure}()
#38 C:\\xampp\\htdocs\\onlineInvoice\\vendor\\laravel\\framework\\src\\Illuminate\\Pipeline\\Pipeline.php(163): Fideloper\\Proxy\\TrustProxies->handle()
#39 C:\\xampp\\htdocs\\onlineInvoice\\vendor\\laravel\\framework\\src\\Illuminate\\Routing\\Pipeline.php(53): Illuminate\\Pipeline\\Pipeline->Illuminate\\Pipeline\\{closure}()
#40 C:\\xampp\\htdocs\\onlineInvoice\\vendor\\laravel\\framework\\src\\Illuminate\\Foundation\\Http\\Middleware\\TransformsRequest.php(21): Illuminate\\Routing\\Pipeline->Illuminate\\Routing\\{closure}()
#41 C:\\xampp\\htdocs\\onlineInvoice\\vendor\\laravel\\framework\\src\\Illuminate\\Pipeline\\Pipeline.php(163): Illuminate\\Foundation\\Http\\Middleware\\TransformsRequest->handle()
#42 C:\\xampp\\htdocs\\onlineInvoice\\vendor\\laravel\\framework\\src\\Illuminate\\Routing\\Pipeline.php(53): Illuminate\\Pipeline\\Pipeline->Illuminate\\Pipeline\\{closure}()
#43 C:\\xampp\\htdocs\\onlineInvoice\\vendor\\laravel\\framework\\src\\Illuminate\\Foundation\\Http\\Middleware\\TransformsRequest.php(21): Illuminate\\Routing\\Pipeline->Illuminate\\Routing\\{closure}()
#44 C:\\xampp\\htdocs\\onlineInvoice\\vendor\\laravel\\framework\\src\\Illuminate\\Pipeline\\Pipeline.php(163): Illuminate\\Foundation\\Http\\Middleware\\TransformsRequest->handle()
#45 C:\\xampp\\htdocs\\onlineInvoice\\vendor\\laravel\\framework\\src\\Illuminate\\Routing\\Pipeline.php(53): Illuminate\\Pipeline\\Pipeline->Illuminate\\Pipeline\\{closure}()
#46 C:\\xampp\\htdocs\\onlineInvoice\\vendor\\laravel\\framework\\src\\Illuminate\\Foundation\\Http\\Middleware\\ValidatePostSize.php(27): Illuminate\\Routing\\Pipeline->Illuminate\\Routing\\{closure}()
#47 C:\\xampp\\htdocs\\onlineInvoice\\vendor\\laravel\\framework\\src\\Illuminate\\Pipeline\\Pipeline.php(163): Illuminate\\Foundation\\Http\\Middleware\\ValidatePostSize->handle()
#48 C:\\xampp\\htdocs\\onlineInvoice\\vendor\\laravel\\framework\\src\\Illuminate\\Routing\\Pipeline.php(53): Illuminate\\Pipeline\\Pipeline->Illuminate\\Pipeline\\{closure}()
#49 C:\\xampp\\htdocs\\onlineInvoice\\vendor\\laravel\\framework\\src\\Illuminate\\Foundation\\Http\\Middleware\\CheckForMaintenanceMode.php(62): Illuminate\\Routing\\Pipeline->Illuminate\\Routing\\{closure}()
#50 C:\\xampp\\htdocs\\onlineInvoice\\vendor\\laravel\\framework\\src\\Illuminate\\Pipeline\\Pipeline.php(163): Illuminate\\Foundation\\Http\\Middleware\\CheckForMaintenanceMode->handle()
#51 C:\\xampp\\htdocs\\onlineInvoice\\vendor\\laravel\\framework\\src\\Illuminate\\Routing\\Pipeline.php(53): Illuminate\\Pipeline\\Pipeline->Illuminate\\Pipeline\\{closure}()
#52 C:\\xampp\\htdocs\\onlineInvoice\\vendor\\laravel\\framework\\src\\Illuminate\\Pipeline\\Pipeline.php(104): Illuminate\\Routing\\Pipeline->Illuminate\\Routing\\{closure}()
#53 C:\\xampp\\htdocs\\onlineInvoice\\vendor\\laravel\\framework\\src\\Illuminate\\Foundation\\Http\\Kernel.php(151): Illuminate\\Pipeline\\Pipeline->then()
#54 C:\\xampp\\htdocs\\onlineInvoice\\vendor\\laravel\\framework\\src\\Illuminate\\Foundation\\Http\\Kernel.php(116): Illuminate\\Foundation\\Http\\Kernel->sendRequestThroughRouter()
#55 C:\\xampp\\htdocs\\onlineInvoice\\public\\index.php(55): Illuminate\\Foundation\\Http\\Kernel->handle()
#56 C:\\xampp\\htdocs\\onlineInvoice\\server.php(21): require_once('C:\\\\xampp\\\\htdocs...')
#57 {main}
"} 
[2020-12-12 17:30:25] local.ERROR: SQLSTATE[23000]: Integrity constraint violation: 1048 Column 'Sub_total' cannot be null (SQL: insert into `t_invoice` (`Sub_total`, `amount`, `amount_paid`, `date`, `description`, `discount`, `draft`, `due_balance`, `due_date`, `invoice_from`, `invoice_number`, `invoice_to`, `invoice_type`, `item`, `itemDescription`, `mail_to`, `owner`, `payment_terms`, `quantity`, `rate`, `shipping`, `tax`, `terms`, `total`) values (?, [null], ?, 2020-12-12, ?, ?, off, ?, 2020-12-12, Singer, 5fd4fe10d16ad, Shawon, Invoice, ["tv"], [null], shawon.eee.bracu@gmail.com, shawon-user, ?, ["2"], ["35000"], ?, ?, ?, ?)) {"exception":"[object] (Illuminate\\Database\\QueryException(code: 23000): SQLSTATE[23000]: Integrity constraint violation: 1048 Column 'Sub_total' cannot be null (SQL: insert into `t_invoice` (`Sub_total`, `amount`, `amount_paid`, `date`, `description`, `discount`, `draft`, `due_balance`, `due_date`, `invoice_from`, `invoice_number`, `invoice_to`, `invoice_type`, `item`, `itemDescription`, `mail_to`, `owner`, `payment_terms`, `quantity`, `rate`, `shipping`, `tax`, `terms`, `total`) values (?, [null], ?, 2020-12-12, ?, ?, off, ?, 2020-12-12, Singer, 5fd4fe10d16ad, Shawon, Invoice, [\"tv\"], [null], shawon.eee.bracu@gmail.com, shawon-user, ?, [\"2\"], [\"35000\"], ?, ?, ?, ?)) at C:\\xampp\\htdocs\\onlineInvoice\\vendor\\laravel\\framework\\src\\Illuminate\\Database\\Connection.php:664, Doctrine\\DBAL\\Driver\\PDO\\Exception(code: 23000): SQLSTATE[23000]: Integrity constraint violation: 1048 Column 'Sub_total' cannot be null at C:\\xampp\\htdocs\\onlineInvoice\\vendor\\doctrine\\dbal\\lib\\Doctrine\\DBAL\\Driver\\PDO\\Exception.php:18, PDOException(code: 23000): SQLSTATE[23000]: Integrity constraint violation: 1048 Column 'Sub_total' cannot be null at C:\\xampp\\htdocs\\onlineInvoice\\vendor\\doctrine\\dbal\\lib\\Doctrine\\DBAL\\Driver\\PDOStatement.php:115)
[stacktrace]
#0 C:\\xampp\\htdocs\\onlineInvoice\\vendor\\laravel\\framework\\src\\Illuminate\\Database\\Connection.php(624): Illuminate\\Database\\Connection->runQueryCallback()
#1 C:\\xampp\\htdocs\\onlineInvoice\\vendor\\laravel\\framework\\src\\Illuminate\\Database\\Connection.php(459): Illuminate\\Database\\Connection->run()
#2 C:\\xampp\\htdocs\\onlineInvoice\\vendor\\laravel\\framework\\src\\Illuminate\\Database\\Connection.php(411): Illuminate\\Database\\Connection->statement()
#3 C:\\xampp\\htdocs\\onlineInvoice\\vendor\\laravel\\framework\\src\\Illuminate\\Database\\Query\\Builder.php(2646): Illuminate\\Database\\Connection->insert()
#4 C:\\xampp\\htdocs\\onlineInvoice\\app\\Http\\Controllers\\userController.php(545): Illuminate\\Database\\Query\\Builder->insert()
#5 [internal function]: App\\Http\\Controllers\\userController->createinvoice()
#6 C:\\xampp\\htdocs\\onlineInvoice\\vendor\\laravel\\framework\\src\\Illuminate\\Routing\\Controller.php(54): call_user_func_array()
#7 C:\\xampp\\htdocs\\onlineInvoice\\vendor\\laravel\\framework\\src\\Illuminate\\Routing\\ControllerDispatcher.php(45): Illuminate\\Routing\\Controller->callAction()
#8 C:\\xampp\\htdocs\\onlineInvoice\\vendor\\laravel\\framework\\src\\Illuminate\\Routing\\Route.php(219): Illuminate\\Routing\\ControllerDispatcher->dispatch()
#9 C:\\xampp\\htdocs\\onlineInvoice\\vendor\\laravel\\framework\\src\\Illuminate\\Routing\\Route.php(176): Illuminate\\Routing\\Route->runController()
#10 C:\\xampp\\htdocs\\onlineInvoice\\vendor\\laravel\\framework\\src\\Illuminate\\Routing\\Router.php(680): Illuminate\\Routing\\Route->run()
#11 C:\\xampp\\htdocs\\onlineInvoice\\vendor\\laravel\\framework\\src\\Illuminate\\Routing\\Pipeline.php(30): Illuminate\\Routing\\Router->Illuminate\\Routing\\{closure}()
#12 C:\\xampp\\htdocs\\onlineInvoice\\vendor\\laravel\\framework\\src\\Illuminate\\Routing\\Middleware\\SubstituteBindings.php(41): Illuminate\\Routing\\Pipeline->Illuminate\\Routing\\{closure}()
#13 C:\\xampp\\htdocs\\onlineInvoice\\vendor\\laravel\\framework\\src\\Illuminate\\Pipeline\\Pipeline.php(163): Illuminate\\Routing\\Middleware\\SubstituteBindings->handle()
#14 C:\\xampp\\htdocs\\onlineInvoice\\vendor\\laravel\\framework\\src\\Illuminate\\Routing\\Pipeline.php(53): Illuminate\\Pipeline\\Pipeline->Illuminate\\Pipeline\\{closure}()
#15 C:\\xampp\\htdocs\\onlineInvoice\\vendor\\laravel\\framework\\src\\Illuminate\\Foundation\\Http\\Middleware\\VerifyCsrfToken.php(75): Illuminate\\Routing\\Pipeline->Illuminate\\Routing\\{closure}()
#16 C:\\xampp\\htdocs\\onlineInvoice\\vendor\\laravel\\framework\\src\\Illuminate\\Pipeline\\Pipeline.php(163): Illuminate\\Foundation\\Http\\Middleware\\VerifyCsrfToken->handle()
#17 C:\\xampp\\htdocs\\onlineInvoice\\vendor\\laravel\\framework\\src\\Illuminate\\Routing\\Pipeline.php(53): Illuminate\\Pipeline\\Pipeline->Illuminate\\Pipeline\\{closure}()
#18 C:\\xampp\\htdocs\\onlineInvoice\\vendor\\laravel\\framework\\src\\Illuminate\\View\\Middleware\\ShareErrorsFromSession.php(49): Illuminate\\Routing\\Pipeline->Illuminate\\Routing\\{closure}()
#19 C:\\xampp\\htdocs\\onlineInvoice\\vendor\\laravel\\framework\\src\\Illuminate\\Pipeline\\Pipeline.php(163): Illuminate\\View\\Middleware\\ShareErrorsFromSession->handle()
#20 C:\\xampp\\htdocs\\onlineInvoice\\vendor\\laravel\\framework\\src\\Illuminate\\Routing\\Pipeline.php(53): Illuminate\\Pipeline\\Pipeline->Illuminate\\Pipeline\\{closure}()
#21 C:\\xampp\\htdocs\\onlineInvoice\\vendor\\laravel\\framework\\src\\Illuminate\\Session\\Middleware\\StartSession.php(56): Illuminate\\Routing\\Pipeline->Illuminate\\Routing\\{closure}()
#22 C:\\xampp\\htdocs\\onlineInvoice\\vendor\\laravel\\framework\\src\\Illuminate\\Pipeline\\Pipeline.php(163): Illuminate\\Session\\Middleware\\StartSession->handle()
#23 C:\\xampp\\htdocs\\onlineInvoice\\vendor\\laravel\\framework\\src\\Illuminate\\Routing\\Pipeline.php(53): Illuminate\\Pipeline\\Pipeline->Illuminate\\Pipeline\\{closure}()
#24 C:\\xampp\\htdocs\\onlineInvoice\\vendor\\laravel\\framework\\src\\Illuminate\\Cookie\\Middleware\\AddQueuedCookiesToResponse.php(37): Illuminate\\Routing\\Pipeline->Illuminate\\Routing\\{closure}()
#25 C:\\xampp\\htdocs\\onlineInvoice\\vendor\\laravel\\framework\\src\\Illuminate\\Pipeline\\Pipeline.php(163): Illuminate\\Cookie\\Middleware\\AddQueuedCookiesToResponse->handle()
#26 C:\\xampp\\htdocs\\onlineInvoice\\vendor\\laravel\\framework\\src\\Illuminate\\Routing\\Pipeline.php(53): Illuminate\\Pipeline\\Pipeline->Illuminate\\Pipeline\\{closure}()
#27 C:\\xampp\\htdocs\\onlineInvoice\\vendor\\laravel\\framework\\src\\Illuminate\\Cookie\\Middleware\\EncryptCookies.php(66): Illuminate\\Routing\\Pipeline->Illuminate\\Routing\\{closure}()
#28 C:\\xampp\\htdocs\\onlineInvoice\\vendor\\laravel\\framework\\src\\Illuminate\\Pipeline\\Pipeline.php(163): Illuminate\\Cookie\\Middleware\\EncryptCookies->handle()
#29 C:\\xampp\\htdocs\\onlineInvoice\\vendor\\laravel\\framework\\src\\Illuminate\\Routing\\Pipeline.php(53): Illuminate\\Pipeline\\Pipeline->Illuminate\\Pipeline\\{closure}()
#30 C:\\xampp\\htdocs\\onlineInvoice\\vendor\\laravel\\framework\\src\\Illuminate\\Pipeline\\Pipeline.php(104): Illuminate\\Routing\\Pipeline->Illuminate\\Routing\\{closure}()
#31 C:\\xampp\\htdocs\\onlineInvoice\\vendor\\laravel\\framework\\src\\Illuminate\\Routing\\Router.php(682): Illuminate\\Pipeline\\Pipeline->then()
#32 C:\\xampp\\htdocs\\onlineInvoice\\vendor\\laravel\\framework\\src\\Illuminate\\Routing\\Router.php(657): Illuminate\\Routing\\Router->runRouteWithinStack()
#33 C:\\xampp\\htdocs\\onlineInvoice\\vendor\\laravel\\framework\\src\\Illuminate\\Routing\\Router.php(623): Illuminate\\Routing\\Router->runRoute()
#34 C:\\xampp\\htdocs\\onlineInvoice\\vendor\\laravel\\framework\\src\\Illuminate\\Routing\\Router.php(612): Illuminate\\Routing\\Router->dispatchToRoute()
#35 C:\\xampp\\htdocs\\onlineInvoice\\vendor\\laravel\\framework\\src\\Illuminate\\Foundation\\Http\\Kernel.php(176): Illuminate\\Routing\\Router->dispatch()
#36 C:\\xampp\\htdocs\\onlineInvoice\\vendor\\laravel\\framework\\src\\Illuminate\\Routing\\Pipeline.php(30): Illuminate\\Foundation\\Http\\Kernel->Illuminate\\Foundation\\Http\\{closure}()
#37 C:\\xampp\\htdocs\\onlineInvoice\\vendor\\fideloper\\proxy\\src\\TrustProxies.php(57): Illuminate\\Routing\\Pipeline->Illuminate\\Routing\\{closure}()
#38 C:\\xampp\\htdocs\\onlineInvoice\\vendor\\laravel\\framework\\src\\Illuminate\\Pipeline\\Pipeline.php(163): Fideloper\\Proxy\\TrustProxies->handle()
#39 C:\\xampp\\htdocs\\onlineInvoice\\vendor\\laravel\\framework\\src\\Illuminate\\Routing\\Pipeline.php(53): Illuminate\\Pipeline\\Pipeline->Illuminate\\Pipeline\\{closure}()
#40 C:\\xampp\\htdocs\\onlineInvoice\\vendor\\laravel\\framework\\src\\Illuminate\\Foundation\\Http\\Middleware\\TransformsRequest.php(21): Illuminate\\Routing\\Pipeline->Illuminate\\Routing\\{closure}()
#41 C:\\xampp\\htdocs\\onlineInvoice\\vendor\\laravel\\framework\\src\\Illuminate\\Pipeline\\Pipeline.php(163): Illuminate\\Foundation\\Http\\Middleware\\TransformsRequest->handle()
#42 C:\\xampp\\htdocs\\onlineInvoice\\vendor\\laravel\\framework\\src\\Illuminate\\Routing\\Pipeline.php(53): Illuminate\\Pipeline\\Pipeline->Illuminate\\Pipeline\\{closure}()
#43 C:\\xampp\\htdocs\\onlineInvoice\\vendor\\laravel\\framework\\src\\Illuminate\\Foundation\\Http\\Middleware\\TransformsRequest.php(21): Illuminate\\Routing\\Pipeline->Illuminate\\Routing\\{closure}()
#44 C:\\xampp\\htdocs\\onlineInvoice\\vendor\\laravel\\framework\\src\\Illuminate\\Pipeline\\Pipeline.php(163): Illuminate\\Foundation\\Http\\Middleware\\TransformsRequest->handle()
#45 C:\\xampp\\htdocs\\onlineInvoice\\vendor\\laravel\\framework\\src\\Illuminate\\Routing\\Pipeline.php(53): Illuminate\\Pipeline\\Pipeline->Illuminate\\Pipeline\\{closure}()
#46 C:\\xampp\\htdocs\\onlineInvoice\\vendor\\laravel\\framework\\src\\Illuminate\\Foundation\\Http\\Middleware\\ValidatePostSize.php(27): Illuminate\\Routing\\Pipeline->Illuminate\\Routing\\{closure}()
#47 C:\\xampp\\htdocs\\onlineInvoice\\vendor\\laravel\\framework\\src\\Illuminate\\Pipeline\\Pipeline.php(163): Illuminate\\Foundation\\Http\\Middleware\\ValidatePostSize->handle()
#48 C:\\xampp\\htdocs\\onlineInvoice\\vendor\\laravel\\framework\\src\\Illuminate\\Routing\\Pipeline.php(53): Illuminate\\Pipeline\\Pipeline->Illuminate\\Pipeline\\{closure}()
#49 C:\\xampp\\htdocs\\onlineInvoice\\vendor\\laravel\\framework\\src\\Illuminate\\Foundation\\Http\\Middleware\\CheckForMaintenanceMode.php(62): Illuminate\\Routing\\Pipeline->Illuminate\\Routing\\{closure}()
#50 C:\\xampp\\htdocs\\onlineInvoice\\vendor\\laravel\\framework\\src\\Illuminate\\Pipeline\\Pipeline.php(163): Illuminate\\Foundation\\Http\\Middleware\\CheckForMaintenanceMode->handle()
#51 C:\\xampp\\htdocs\\onlineInvoice\\vendor\\laravel\\framework\\src\\Illuminate\\Routing\\Pipeline.php(53): Illuminate\\Pipeline\\Pipeline->Illuminate\\Pipeline\\{closure}()
#52 C:\\xampp\\htdocs\\onlineInvoice\\vendor\\laravel\\framework\\src\\Illuminate\\Pipeline\\Pipeline.php(104): Illuminate\\Routing\\Pipeline->Illuminate\\Routing\\{closure}()
#53 C:\\xampp\\htdocs\\onlineInvoice\\vendor\\laravel\\framework\\src\\Illuminate\\Foundation\\Http\\Kernel.php(151): Illuminate\\Pipeline\\Pipeline->then()
#54 C:\\xampp\\htdocs\\onlineInvoice\\vendor\\laravel\\framework\\src\\Illuminate\\Foundation\\Http\\Kernel.php(116): Illuminate\\Foundation\\Http\\Kernel->sendRequestThroughRouter()
#55 C:\\xampp\\htdocs\\onlineInvoice\\public\\index.php(55): Illuminate\\Foundation\\Http\\Kernel->handle()
#56 C:\\xampp\\htdocs\\onlineInvoice\\server.php(21): require_once('C:\\\\xampp\\\\htdocs...')
#57 {main}
"} 
